<?xml version="1.0" encoding="UTF-8"?>
<testsuite xmlns:xsi="http://www.w3.org/2001/XMLSchema-instance" xsi:noNamespaceSchemaLocation="https://maven.apache.org/surefire/maven-surefire-plugin/xsd/surefire-test-report-3.0.xsd" version="3.0" name="com.hsbg.hello.HelloServletTest" time="0.078" tests="1" errors="0" skipped="0" failures="0">
  <properties>
[...]
</properties>
  <testcase name="testHelloServlet" classname="com.hsbg.hello.HelloServletTest" time="0.028">
    <system-out><![CDATA[This is executed before each Test
This is exceuted after each Test
]]></system-out>
  </testcase>
</testsuite>